13:54:36.321 [main] INFO  c.x.s.SpringsecurityApiApplication - [logStarting,55] - Starting SpringsecurityApiApplication using Java 11.0.13 on DESKTOP-52FJRML with PID 15132 (D:\my files\my code\code\springsecurity\springsecurity-api\target\classes started by yxw in D:\my files\my code\code\springsecurity)
13:54:36.324 [main] INFO  c.x.s.SpringsecurityApiApplication - [logStartupProfileInfo,637] - No active profile set, falling back to default profiles: default
13:54:36.951 [main] INFO  o.a.c.h.Http11NioProtocol - [log,173] - Initializing ProtocolHandler ["http-nio-8080"]
13:54:36.952 [main] INFO  o.a.c.c.StandardService - [log,173] - Starting service [Tomcat]
13:54:36.952 [main] INFO  o.a.c.c.StandardEngine - [log,173] - Starting Servlet engine: [Apache Tomcat/9.0.56]
13:54:37.006 [main] INFO  o.a.c.c.C.[.[.[/] - [log,173] - Initializing Spring embedded WebApplicationContext
13:54:37.303 [main] INFO  o.a.c.h.Http11NioProtocol - [log,173] - Starting ProtocolHandler ["http-nio-8080"]
13:54:37.322 [main] INFO  c.x.s.SpringsecurityApiApplication - [logStarted,61] - Started SpringsecurityApiApplication in 1.252 seconds (JVM running for 2.559)
13:54:55.582 [main] INFO  c.x.s.SpringsecurityApiApplication - [logStarting,55] - Starting SpringsecurityApiApplication using Java 11.0.13 on DESKTOP-52FJRML with PID 7644 (D:\my files\my code\code\springsecurity\springsecurity-api\target\classes started by yxw in D:\my files\my code\code\springsecurity)
13:54:55.584 [main] INFO  c.x.s.SpringsecurityApiApplication - [logStartupProfileInfo,637] - No active profile set, falling back to default profiles: default
13:54:56.104 [main] INFO  o.a.c.h.Http11NioProtocol - [log,173] - Initializing ProtocolHandler ["http-nio-9090"]
13:54:56.105 [main] INFO  o.a.c.c.StandardService - [log,173] - Starting service [Tomcat]
13:54:56.105 [main] INFO  o.a.c.c.StandardEngine - [log,173] - Starting Servlet engine: [Apache Tomcat/9.0.56]
13:54:56.159 [main] INFO  o.a.c.c.C.[.[.[/] - [log,173] - Initializing Spring embedded WebApplicationContext
13:54:56.422 [main] INFO  o.a.c.h.Http11NioProtocol - [log,173] - Starting ProtocolHandler ["http-nio-9090"]
13:54:56.440 [main] INFO  c.x.s.SpringsecurityApiApplication - [logStarted,61] - Started SpringsecurityApiApplication in 1.131 seconds (JVM running for 2.121)
13:55:53.344 [http-nio-9090-exec-1] INFO  o.a.c.c.C.[.[.[/] - [log,173] - Initializing Spring DispatcherServlet 'dispatcherServlet'
14:22:37.907 [main] INFO  c.x.s.SpringsecurityApiApplication - [logStarting,55] - Starting SpringsecurityApiApplication using Java 11.0.13 on DESKTOP-52FJRML with PID 30484 (D:\my files\my code\code\springsecurity\springsecurity-api\target\classes started by yxw in D:\my files\my code\code\springsecurity)
14:22:37.909 [main] INFO  c.x.s.SpringsecurityApiApplication - [logStartupProfileInfo,637] - No active profile set, falling back to default profiles: default
14:22:38.436 [main] INFO  o.a.c.h.Http11NioProtocol - [log,173] - Initializing ProtocolHandler ["http-nio-9090"]
14:22:38.437 [main] INFO  o.a.c.c.StandardService - [log,173] - Starting service [Tomcat]
14:22:38.437 [main] INFO  o.a.c.c.StandardEngine - [log,173] - Starting Servlet engine: [Apache Tomcat/9.0.56]
14:22:38.492 [main] INFO  o.a.c.c.C.[.[.[/] - [log,173] - Initializing Spring embedded WebApplicationContext
14:22:38.760 [main] INFO  o.a.c.h.Http11NioProtocol - [log,173] - Starting ProtocolHandler ["http-nio-9090"]
14:22:38.778 [main] INFO  c.x.s.SpringsecurityApiApplication - [logStarted,61] - Started SpringsecurityApiApplication in 1.113 seconds (JVM running for 2.048)
14:23:36.716 [http-nio-9090-exec-1] INFO  o.a.c.c.C.[.[.[/] - [log,173] - Initializing Spring DispatcherServlet 'dispatcherServlet'
14:25:12.720 [main] INFO  c.x.s.SpringsecurityApiApplication - [logStarting,55] - Starting SpringsecurityApiApplication using Java 11.0.13 on DESKTOP-52FJRML with PID 44876 (D:\my files\my code\code\springsecurity\springsecurity-api\target\classes started by yxw in D:\my files\my code\code\springsecurity)
14:25:12.721 [main] INFO  c.x.s.SpringsecurityApiApplication - [logStartupProfileInfo,637] - No active profile set, falling back to default profiles: default
14:25:13.317 [main] INFO  o.a.c.h.Http11NioProtocol - [log,173] - Initializing ProtocolHandler ["http-nio-9090"]
14:25:13.317 [main] INFO  o.a.c.c.StandardService - [log,173] - Starting service [Tomcat]
14:25:13.318 [main] INFO  o.a.c.c.StandardEngine - [log,173] - Starting Servlet engine: [Apache Tomcat/9.0.56]
14:25:13.383 [main] INFO  o.a.c.c.C.[.[.[/] - [log,173] - Initializing Spring embedded WebApplicationContext
14:25:13.706 [main] INFO  o.a.c.h.Http11NioProtocol - [log,173] - Starting ProtocolHandler ["http-nio-9090"]
14:25:13.725 [main] INFO  c.x.s.SpringsecurityApiApplication - [logStarted,61] - Started SpringsecurityApiApplication in 1.242 seconds (JVM running for 2.166)
14:25:22.913 [http-nio-9090-exec-1] INFO  o.a.c.c.C.[.[.[/] - [log,173] - Initializing Spring DispatcherServlet 'dispatcherServlet'
14:26:13.852 [main] INFO  c.x.s.SpringsecurityApiApplication - [logStarting,55] - Starting SpringsecurityApiApplication using Java 11.0.13 on DESKTOP-52FJRML with PID 17612 (D:\my files\my code\code\springsecurity\springsecurity-api\target\classes started by yxw in D:\my files\my code\code\springsecurity)
14:26:13.854 [main] INFO  c.x.s.SpringsecurityApiApplication - [logStartupProfileInfo,637] - No active profile set, falling back to default profiles: default
14:26:14.376 [main] INFO  o.a.c.h.Http11NioProtocol - [log,173] - Initializing ProtocolHandler ["http-nio-9090"]
14:26:14.377 [main] INFO  o.a.c.c.StandardService - [log,173] - Starting service [Tomcat]
14:26:14.377 [main] INFO  o.a.c.c.StandardEngine - [log,173] - Starting Servlet engine: [Apache Tomcat/9.0.56]
14:26:14.432 [main] INFO  o.a.c.c.C.[.[.[/] - [log,173] - Initializing Spring embedded WebApplicationContext
14:26:14.689 [main] INFO  o.a.c.h.Http11NioProtocol - [log,173] - Starting ProtocolHandler ["http-nio-9090"]
14:26:14.707 [main] INFO  c.x.s.SpringsecurityApiApplication - [logStarted,61] - Started SpringsecurityApiApplication in 1.089 seconds (JVM running for 2.012)
14:26:21.650 [http-nio-9090-exec-1] INFO  o.a.c.c.C.[.[.[/] - [log,173] - Initializing Spring DispatcherServlet 'dispatcherServlet'
14:28:51.985 [main] INFO  c.x.s.SpringsecurityApiApplication - [logStarting,55] - Starting SpringsecurityApiApplication using Java 11.0.13 on DESKTOP-52FJRML with PID 42012 (D:\my files\my code\code\springsecurity\springsecurity-api\target\classes started by yxw in D:\my files\my code\code\springsecurity)
14:28:51.987 [main] INFO  c.x.s.SpringsecurityApiApplication - [logStartupProfileInfo,637] - No active profile set, falling back to default profiles: default
14:28:52.498 [main] INFO  o.a.c.h.Http11NioProtocol - [log,173] - Initializing ProtocolHandler ["http-nio-9090"]
14:28:52.498 [main] INFO  o.a.c.c.StandardService - [log,173] - Starting service [Tomcat]
14:28:52.498 [main] INFO  o.a.c.c.StandardEngine - [log,173] - Starting Servlet engine: [Apache Tomcat/9.0.56]
14:28:52.546 [main] INFO  o.a.c.c.C.[.[.[/] - [log,173] - Initializing Spring embedded WebApplicationContext
14:28:52.842 [main] INFO  o.a.c.h.Http11NioProtocol - [log,173] - Starting ProtocolHandler ["http-nio-9090"]
14:28:52.860 [main] INFO  c.x.s.SpringsecurityApiApplication - [logStarted,61] - Started SpringsecurityApiApplication in 1.11 seconds (JVM running for 2.055)
14:29:00.408 [http-nio-9090-exec-1] INFO  o.a.c.c.C.[.[.[/] - [log,173] - Initializing Spring DispatcherServlet 'dispatcherServlet'
14:32:09.823 [main] INFO  c.x.s.SpringsecurityApiApplication - [logStarting,55] - Starting SpringsecurityApiApplication using Java 11.0.13 on DESKTOP-52FJRML with PID 20604 (D:\my files\my code\code\springsecurity\springsecurity-api\target\classes started by yxw in D:\my files\my code\code\springsecurity)
14:32:09.825 [main] INFO  c.x.s.SpringsecurityApiApplication - [logStartupProfileInfo,637] - No active profile set, falling back to default profiles: default
14:32:10.363 [main] INFO  o.a.c.h.Http11NioProtocol - [log,173] - Initializing ProtocolHandler ["http-nio-9090"]
14:32:10.364 [main] INFO  o.a.c.c.StandardService - [log,173] - Starting service [Tomcat]
14:32:10.364 [main] INFO  o.a.c.c.StandardEngine - [log,173] - Starting Servlet engine: [Apache Tomcat/9.0.56]
14:32:10.419 [main] INFO  o.a.c.c.C.[.[.[/] - [log,173] - Initializing Spring embedded WebApplicationContext
14:32:10.701 [main] INFO  o.a.c.h.Http11NioProtocol - [log,173] - Starting ProtocolHandler ["http-nio-9090"]
14:32:10.720 [main] INFO  c.x.s.SpringsecurityApiApplication - [logStarted,61] - Started SpringsecurityApiApplication in 1.157 seconds (JVM running for 2.119)
14:32:21.859 [http-nio-9090-exec-1] INFO  o.a.c.c.C.[.[.[/] - [log,173] - Initializing Spring DispatcherServlet 'dispatcherServlet'
14:34:04.696 [main] INFO  c.x.s.SpringsecurityApiApplication - [logStarting,55] - Starting SpringsecurityApiApplication using Java 11.0.13 on DESKTOP-52FJRML with PID 21056 (D:\my files\my code\code\springsecurity\springsecurity-api\target\classes started by yxw in D:\my files\my code\code\springsecurity)
14:34:04.698 [main] INFO  c.x.s.SpringsecurityApiApplication - [logStartupProfileInfo,637] - No active profile set, falling back to default profiles: default
14:34:05.213 [main] INFO  o.a.c.h.Http11NioProtocol - [log,173] - Initializing ProtocolHandler ["http-nio-9090"]
14:34:05.213 [main] INFO  o.a.c.c.StandardService - [log,173] - Starting service [Tomcat]
14:34:05.213 [main] INFO  o.a.c.c.StandardEngine - [log,173] - Starting Servlet engine: [Apache Tomcat/9.0.56]
14:34:05.269 [main] INFO  o.a.c.c.C.[.[.[/] - [log,173] - Initializing Spring embedded WebApplicationContext
14:34:05.554 [main] INFO  o.a.c.h.Http11NioProtocol - [log,173] - Starting ProtocolHandler ["http-nio-9090"]
14:34:05.573 [main] INFO  c.x.s.SpringsecurityApiApplication - [logStarted,61] - Started SpringsecurityApiApplication in 1.117 seconds (JVM running for 2.043)
14:34:09.597 [http-nio-9090-exec-1] INFO  o.a.c.c.C.[.[.[/] - [log,173] - Initializing Spring DispatcherServlet 'dispatcherServlet'
14:42:26.718 [main] INFO  c.x.s.SpringsecurityApiApplication - [logStarting,55] - Starting SpringsecurityApiApplication using Java 11.0.13 on DESKTOP-52FJRML with PID 32072 (D:\my files\my code\code\springsecurity\springsecurity-api\target\classes started by yxw in D:\my files\my code\code\springsecurity)
14:42:26.720 [main] INFO  c.x.s.SpringsecurityApiApplication - [logStartupProfileInfo,637] - No active profile set, falling back to default profiles: default
14:42:27.241 [main] INFO  o.a.c.h.Http11NioProtocol - [log,173] - Initializing ProtocolHandler ["http-nio-9090"]
14:42:27.241 [main] INFO  o.a.c.c.StandardService - [log,173] - Starting service [Tomcat]
14:42:27.241 [main] INFO  o.a.c.c.StandardEngine - [log,173] - Starting Servlet engine: [Apache Tomcat/9.0.56]
14:42:27.302 [main] INFO  o.a.c.c.C.[.[.[/] - [log,173] - Initializing Spring embedded WebApplicationContext
14:42:27.549 [main] INFO  o.a.c.c.StandardService - [log,173] - Stopping service [Tomcat]
14:43:21.980 [main] INFO  c.x.s.SpringsecurityApiApplication - [logStarting,55] - Starting SpringsecurityApiApplication using Java 11.0.13 on DESKTOP-52FJRML with PID 27456 (D:\my files\my code\code\springsecurity\springsecurity-api\target\classes started by yxw in D:\my files\my code\code\springsecurity)
14:43:21.982 [main] INFO  c.x.s.SpringsecurityApiApplication - [logStartupProfileInfo,637] - No active profile set, falling back to default profiles: default
14:43:22.509 [main] INFO  o.a.c.h.Http11NioProtocol - [log,173] - Initializing ProtocolHandler ["http-nio-9090"]
14:43:22.510 [main] INFO  o.a.c.c.StandardService - [log,173] - Starting service [Tomcat]
14:43:22.510 [main] INFO  o.a.c.c.StandardEngine - [log,173] - Starting Servlet engine: [Apache Tomcat/9.0.56]
14:43:22.558 [main] INFO  o.a.c.c.C.[.[.[/] - [log,173] - Initializing Spring embedded WebApplicationContext
14:43:22.829 [main] INFO  o.a.c.h.Http11NioProtocol - [log,173] - Starting ProtocolHandler ["http-nio-9090"]
14:43:22.847 [main] INFO  c.x.s.SpringsecurityApiApplication - [logStarted,61] - Started SpringsecurityApiApplication in 1.1 seconds (JVM running for 2.053)
14:43:28.812 [http-nio-9090-exec-1] INFO  o.a.c.c.C.[.[.[/] - [log,173] - Initializing Spring DispatcherServlet 'dispatcherServlet'
14:44:55.649 [main] INFO  c.x.s.SpringsecurityApiApplication - [logStarting,55] - Starting SpringsecurityApiApplication using Java 11.0.13 on DESKTOP-52FJRML with PID 39844 (D:\my files\my code\code\springsecurity\springsecurity-api\target\classes started by yxw in D:\my files\my code\code\springsecurity)
14:44:55.651 [main] INFO  c.x.s.SpringsecurityApiApplication - [logStartupProfileInfo,637] - No active profile set, falling back to default profiles: default
14:44:56.177 [main] INFO  o.a.c.h.Http11NioProtocol - [log,173] - Initializing ProtocolHandler ["http-nio-9090"]
14:44:56.177 [main] INFO  o.a.c.c.StandardService - [log,173] - Starting service [Tomcat]
14:44:56.177 [main] INFO  o.a.c.c.StandardEngine - [log,173] - Starting Servlet engine: [Apache Tomcat/9.0.56]
14:44:56.228 [main] INFO  o.a.c.c.C.[.[.[/] - [log,173] - Initializing Spring embedded WebApplicationContext
14:44:56.508 [main] INFO  o.a.c.h.Http11NioProtocol - [log,173] - Starting ProtocolHandler ["http-nio-9090"]
14:44:56.527 [main] INFO  c.x.s.SpringsecurityApiApplication - [logStarted,61] - Started SpringsecurityApiApplication in 1.185 seconds (JVM running for 2.174)
14:45:15.511 [main] INFO  c.x.s.SpringsecurityApiApplication - [logStarting,55] - Starting SpringsecurityApiApplication using Java 11.0.13 on DESKTOP-52FJRML with PID 39812 (D:\my files\my code\code\springsecurity\springsecurity-api\target\classes started by yxw in D:\my files\my code\code\springsecurity)
14:45:15.513 [main] INFO  c.x.s.SpringsecurityApiApplication - [logStartupProfileInfo,637] - No active profile set, falling back to default profiles: default
14:45:16.026 [main] INFO  o.a.c.h.Http11NioProtocol - [log,173] - Initializing ProtocolHandler ["http-nio-9090"]
14:45:16.026 [main] INFO  o.a.c.c.StandardService - [log,173] - Starting service [Tomcat]
14:45:16.026 [main] INFO  o.a.c.c.StandardEngine - [log,173] - Starting Servlet engine: [Apache Tomcat/9.0.56]
14:45:16.076 [main] INFO  o.a.c.c.C.[.[.[/] - [log,173] - Initializing Spring embedded WebApplicationContext
14:45:16.347 [main] INFO  o.a.c.h.Http11NioProtocol - [log,173] - Starting ProtocolHandler ["http-nio-9090"]
14:45:16.364 [main] INFO  c.x.s.SpringsecurityApiApplication - [logStarted,61] - Started SpringsecurityApiApplication in 1.088 seconds (JVM running for 2.058)
14:45:30.013 [http-nio-9090-exec-1] INFO  o.a.c.c.C.[.[.[/] - [log,173] - Initializing Spring DispatcherServlet 'dispatcherServlet'
14:45:40.250 [main] INFO  c.x.s.SpringsecurityApiApplication - [logStarting,55] - Starting SpringsecurityApiApplication using Java 11.0.13 on DESKTOP-52FJRML with PID 7720 (D:\my files\my code\code\springsecurity\springsecurity-api\target\classes started by yxw in D:\my files\my code\code\springsecurity)
14:45:40.252 [main] INFO  c.x.s.SpringsecurityApiApplication - [logStartupProfileInfo,637] - No active profile set, falling back to default profiles: default
14:45:40.790 [main] INFO  o.a.c.h.Http11NioProtocol - [log,173] - Initializing ProtocolHandler ["http-nio-9090"]
14:45:40.791 [main] INFO  o.a.c.c.StandardService - [log,173] - Starting service [Tomcat]
14:45:40.791 [main] INFO  o.a.c.c.StandardEngine - [log,173] - Starting Servlet engine: [Apache Tomcat/9.0.56]
14:45:40.841 [main] INFO  o.a.c.c.C.[.[.[/] - [log,173] - Initializing Spring embedded WebApplicationContext
14:45:41.112 [main] INFO  o.a.c.h.Http11NioProtocol - [log,173] - Starting ProtocolHandler ["http-nio-9090"]
14:45:41.130 [main] INFO  c.x.s.SpringsecurityApiApplication - [logStarted,61] - Started SpringsecurityApiApplication in 1.109 seconds (JVM running for 2.051)
14:45:44.764 [http-nio-9090-exec-1] INFO  o.a.c.c.C.[.[.[/] - [log,173] - Initializing Spring DispatcherServlet 'dispatcherServlet'
14:49:54.012 [main] INFO  c.x.s.SpringsecurityApiApplication - [logStarting,55] - Starting SpringsecurityApiApplication using Java 11.0.13 on DESKTOP-52FJRML with PID 36156 (D:\my files\my code\code\springsecurity\springsecurity-api\target\classes started by yxw in D:\my files\my code\code\springsecurity)
14:49:54.014 [main] INFO  c.x.s.SpringsecurityApiApplication - [logStartupProfileInfo,637] - No active profile set, falling back to default profiles: default
14:49:54.563 [main] INFO  o.a.c.h.Http11NioProtocol - [log,173] - Initializing ProtocolHandler ["http-nio-9090"]
14:49:54.564 [main] INFO  o.a.c.c.StandardService - [log,173] - Starting service [Tomcat]
14:49:54.564 [main] INFO  o.a.c.c.StandardEngine - [log,173] - Starting Servlet engine: [Apache Tomcat/9.0.56]
14:49:54.615 [main] INFO  o.a.c.c.C.[.[.[/] - [log,173] - Initializing Spring embedded WebApplicationContext
14:49:54.897 [main] INFO  o.a.c.h.Http11NioProtocol - [log,173] - Starting ProtocolHandler ["http-nio-9090"]
14:49:54.915 [main] INFO  c.x.s.SpringsecurityApiApplication - [logStarted,61] - Started SpringsecurityApiApplication in 1.147 seconds (JVM running for 2.102)
14:50:02.941 [http-nio-9090-exec-1] INFO  o.a.c.c.C.[.[.[/] - [log,173] - Initializing Spring DispatcherServlet 'dispatcherServlet'
14:59:26.927 [main] INFO  c.x.s.SpringsecurityApiApplication - [logStarting,55] - Starting SpringsecurityApiApplication using Java 11.0.13 on DESKTOP-52FJRML with PID 41272 (D:\my files\my code\code\springsecurity\springsecurity-api\target\classes started by yxw in D:\my files\my code\code\springsecurity)
14:59:26.930 [main] INFO  c.x.s.SpringsecurityApiApplication - [logStartupProfileInfo,637] - No active profile set, falling back to default profiles: default
14:59:27.445 [main] INFO  o.a.c.h.Http11NioProtocol - [log,173] - Initializing ProtocolHandler ["http-nio-9090"]
14:59:27.445 [main] INFO  o.a.c.c.StandardService - [log,173] - Starting service [Tomcat]
14:59:27.445 [main] INFO  o.a.c.c.StandardEngine - [log,173] - Starting Servlet engine: [Apache Tomcat/9.0.56]
14:59:27.494 [main] INFO  o.a.c.c.C.[.[.[/] - [log,173] - Initializing Spring embedded WebApplicationContext
14:59:27.781 [main] INFO  o.a.c.h.Http11NioProtocol - [log,173] - Starting ProtocolHandler ["http-nio-9090"]
14:59:27.800 [main] INFO  c.x.s.SpringsecurityApiApplication - [logStarted,61] - Started SpringsecurityApiApplication in 1.108 seconds (JVM running for 2.1)
14:59:35.666 [http-nio-9090-exec-1] INFO  o.a.c.c.C.[.[.[/] - [log,173] - Initializing Spring DispatcherServlet 'dispatcherServlet'
14:59:57.864 [main] INFO  c.x.s.SpringsecurityApiApplication - [logStarting,55] - Starting SpringsecurityApiApplication using Java 11.0.13 on DESKTOP-52FJRML with PID 38996 (D:\my files\my code\code\springsecurity\springsecurity-api\target\classes started by yxw in D:\my files\my code\code\springsecurity)
14:59:57.866 [main] INFO  c.x.s.SpringsecurityApiApplication - [logStartupProfileInfo,637] - No active profile set, falling back to default profiles: default
14:59:58.392 [main] INFO  o.a.c.h.Http11NioProtocol - [log,173] - Initializing ProtocolHandler ["http-nio-9090"]
14:59:58.393 [main] INFO  o.a.c.c.StandardService - [log,173] - Starting service [Tomcat]
14:59:58.393 [main] INFO  o.a.c.c.StandardEngine - [log,173] - Starting Servlet engine: [Apache Tomcat/9.0.56]
14:59:58.450 [main] INFO  o.a.c.c.C.[.[.[/] - [log,173] - Initializing Spring embedded WebApplicationContext
14:59:58.731 [main] INFO  o.a.c.h.Http11NioProtocol - [log,173] - Starting ProtocolHandler ["http-nio-9090"]
14:59:58.750 [main] INFO  c.x.s.SpringsecurityApiApplication - [logStarted,61] - Started SpringsecurityApiApplication in 1.128 seconds (JVM running for 2.084)
15:00:01.566 [http-nio-9090-exec-1] INFO  o.a.c.c.C.[.[.[/] - [log,173] - Initializing Spring DispatcherServlet 'dispatcherServlet'
15:02:16.185 [main] INFO  c.x.s.SpringsecurityApiApplication - [logStarting,55] - Starting SpringsecurityApiApplication using Java 11.0.13 on DESKTOP-52FJRML with PID 36784 (D:\my files\my code\code\springsecurity\springsecurity-api\target\classes started by yxw in D:\my files\my code\code\springsecurity)
15:02:16.187 [main] INFO  c.x.s.SpringsecurityApiApplication - [logStartupProfileInfo,637] - No active profile set, falling back to default profiles: default
15:02:16.728 [main] INFO  o.a.c.h.Http11NioProtocol - [log,173] - Initializing ProtocolHandler ["http-nio-9090"]
15:02:16.729 [main] INFO  o.a.c.c.StandardService - [log,173] - Starting service [Tomcat]
15:02:16.729 [main] INFO  o.a.c.c.StandardEngine - [log,173] - Starting Servlet engine: [Apache Tomcat/9.0.56]
15:02:16.779 [main] INFO  o.a.c.c.C.[.[.[/] - [log,173] - Initializing Spring embedded WebApplicationContext
15:02:17.071 [main] INFO  o.a.c.h.Http11NioProtocol - [log,173] - Starting ProtocolHandler ["http-nio-9090"]
15:02:17.090 [main] INFO  c.x.s.SpringsecurityApiApplication - [logStarted,61] - Started SpringsecurityApiApplication in 1.151 seconds (JVM running for 2.314)
15:02:28.274 [http-nio-9090-exec-1] INFO  o.a.c.c.C.[.[.[/] - [log,173] - Initializing Spring DispatcherServlet 'dispatcherServlet'
15:05:02.345 [main] INFO  c.x.s.SpringsecurityApiApplication - [logStarting,55] - Starting SpringsecurityApiApplication using Java 11.0.13 on DESKTOP-52FJRML with PID 35852 (D:\my files\my code\code\springsecurity\springsecurity-api\target\classes started by yxw in D:\my files\my code\code\springsecurity)
15:05:02.347 [main] INFO  c.x.s.SpringsecurityApiApplication - [logStartupProfileInfo,637] - No active profile set, falling back to default profiles: default
15:05:02.862 [main] INFO  o.a.c.h.Http11NioProtocol - [log,173] - Initializing ProtocolHandler ["http-nio-9090"]
15:05:02.862 [main] INFO  o.a.c.c.StandardService - [log,173] - Starting service [Tomcat]
15:05:02.863 [main] INFO  o.a.c.c.StandardEngine - [log,173] - Starting Servlet engine: [Apache Tomcat/9.0.56]
15:05:02.913 [main] INFO  o.a.c.c.C.[.[.[/] - [log,173] - Initializing Spring embedded WebApplicationContext
15:05:03.188 [main] INFO  o.a.c.h.Http11NioProtocol - [log,173] - Starting ProtocolHandler ["http-nio-9090"]
15:05:03.206 [main] INFO  c.x.s.SpringsecurityApiApplication - [logStarted,61] - Started SpringsecurityApiApplication in 1.113 seconds (JVM running for 2.126)
15:05:09.402 [http-nio-9090-exec-1] INFO  o.a.c.c.C.[.[.[/] - [log,173] - Initializing Spring DispatcherServlet 'dispatcherServlet'
15:05:43.855 [main] INFO  c.x.s.SpringsecurityApiApplication - [logStarting,55] - Starting SpringsecurityApiApplication using Java 11.0.13 on DESKTOP-52FJRML with PID 38920 (D:\my files\my code\code\springsecurity\springsecurity-api\target\classes started by yxw in D:\my files\my code\code\springsecurity)
15:05:43.857 [main] INFO  c.x.s.SpringsecurityApiApplication - [logStartupProfileInfo,637] - No active profile set, falling back to default profiles: default
15:05:44.365 [main] INFO  o.a.c.h.Http11NioProtocol - [log,173] - Initializing ProtocolHandler ["http-nio-9090"]
15:05:44.366 [main] INFO  o.a.c.c.StandardService - [log,173] - Starting service [Tomcat]
15:05:44.366 [main] INFO  o.a.c.c.StandardEngine - [log,173] - Starting Servlet engine: [Apache Tomcat/9.0.56]
15:05:44.424 [main] INFO  o.a.c.c.C.[.[.[/] - [log,173] - Initializing Spring embedded WebApplicationContext
15:05:44.701 [main] INFO  o.a.c.h.Http11NioProtocol - [log,173] - Starting ProtocolHandler ["http-nio-9090"]
15:05:44.720 [main] INFO  c.x.s.SpringsecurityApiApplication - [logStarted,61] - Started SpringsecurityApiApplication in 1.11 seconds (JVM running for 2.127)
15:05:52.833 [http-nio-9090-exec-1] INFO  o.a.c.c.C.[.[.[/] - [log,173] - Initializing Spring DispatcherServlet 'dispatcherServlet'
15:07:00.275 [main] INFO  c.x.s.SpringsecurityApiApplication - [logStarting,55] - Starting SpringsecurityApiApplication using Java 11.0.13 on DESKTOP-52FJRML with PID 30016 (D:\my files\my code\code\springsecurity\springsecurity-api\target\classes started by yxw in D:\my files\my code\code\springsecurity)
15:07:00.276 [main] INFO  c.x.s.SpringsecurityApiApplication - [logStartupProfileInfo,637] - No active profile set, falling back to default profiles: default
15:07:00.806 [main] INFO  o.a.c.h.Http11NioProtocol - [log,173] - Initializing ProtocolHandler ["http-nio-9090"]
15:07:00.806 [main] INFO  o.a.c.c.StandardService - [log,173] - Starting service [Tomcat]
15:07:00.807 [main] INFO  o.a.c.c.StandardEngine - [log,173] - Starting Servlet engine: [Apache Tomcat/9.0.56]
15:07:00.861 [main] INFO  o.a.c.c.C.[.[.[/] - [log,173] - Initializing Spring embedded WebApplicationContext
15:07:01.131 [main] INFO  o.a.c.h.Http11NioProtocol - [log,173] - Starting ProtocolHandler ["http-nio-9090"]
15:07:01.149 [main] INFO  c.x.s.SpringsecurityApiApplication - [logStarted,61] - Started SpringsecurityApiApplication in 1.14 seconds (JVM running for 2.11)
15:07:08.950 [http-nio-9090-exec-1] INFO  o.a.c.c.C.[.[.[/] - [log,173] - Initializing Spring DispatcherServlet 'dispatcherServlet'
15:07:38.655 [main] INFO  c.x.s.SpringsecurityApiApplication - [logStarting,55] - Starting SpringsecurityApiApplication using Java 11.0.13 on DESKTOP-52FJRML with PID 33516 (D:\my files\my code\code\springsecurity\springsecurity-api\target\classes started by yxw in D:\my files\my code\code\springsecurity)
15:07:38.657 [main] INFO  c.x.s.SpringsecurityApiApplication - [logStartupProfileInfo,637] - No active profile set, falling back to default profiles: default
15:07:39.196 [main] INFO  o.a.c.h.Http11NioProtocol - [log,173] - Initializing ProtocolHandler ["http-nio-9090"]
15:07:39.197 [main] INFO  o.a.c.c.StandardService - [log,173] - Starting service [Tomcat]
15:07:39.197 [main] INFO  o.a.c.c.StandardEngine - [log,173] - Starting Servlet engine: [Apache Tomcat/9.0.56]
15:07:39.260 [main] INFO  o.a.c.c.C.[.[.[/] - [log,173] - Initializing Spring embedded WebApplicationContext
15:07:39.559 [main] INFO  o.a.c.h.Http11NioProtocol - [log,173] - Starting ProtocolHandler ["http-nio-9090"]
15:07:39.576 [main] INFO  c.x.s.SpringsecurityApiApplication - [logStarted,61] - Started SpringsecurityApiApplication in 1.185 seconds (JVM running for 2.211)
15:07:45.865 [http-nio-9090-exec-1] INFO  o.a.c.c.C.[.[.[/] - [log,173] - Initializing Spring DispatcherServlet 'dispatcherServlet'
15:09:22.114 [main] INFO  c.x.s.SpringsecurityApiApplication - [logStarting,55] - Starting SpringsecurityApiApplication using Java 11.0.13 on DESKTOP-52FJRML with PID 38232 (D:\my files\my code\code\springsecurity\springsecurity-api\target\classes started by yxw in D:\my files\my code\code\springsecurity)
15:09:22.115 [main] INFO  c.x.s.SpringsecurityApiApplication - [logStartupProfileInfo,637] - No active profile set, falling back to default profiles: default
15:09:22.625 [main] INFO  o.a.c.h.Http11NioProtocol - [log,173] - Initializing ProtocolHandler ["http-nio-9090"]
15:09:22.626 [main] INFO  o.a.c.c.StandardService - [log,173] - Starting service [Tomcat]
15:09:22.626 [main] INFO  o.a.c.c.StandardEngine - [log,173] - Starting Servlet engine: [Apache Tomcat/9.0.56]
15:09:22.672 [main] INFO  o.a.c.c.C.[.[.[/] - [log,173] - Initializing Spring embedded WebApplicationContext
15:09:22.948 [main] INFO  o.a.c.h.Http11NioProtocol - [log,173] - Starting ProtocolHandler ["http-nio-9090"]
15:09:22.967 [main] INFO  c.x.s.SpringsecurityApiApplication - [logStarted,61] - Started SpringsecurityApiApplication in 1.091 seconds (JVM running for 2.041)
15:09:28.558 [http-nio-9090-exec-1] INFO  o.a.c.c.C.[.[.[/] - [log,173] - Initializing Spring DispatcherServlet 'dispatcherServlet'
15:11:35.372 [main] INFO  c.x.s.SpringsecurityApiApplication - [logStarting,55] - Starting SpringsecurityApiApplication using Java 11.0.13 on DESKTOP-52FJRML with PID 16372 (D:\my files\my code\code\springsecurity\springsecurity-api\target\classes started by yxw in D:\my files\my code\code\springsecurity)
15:11:35.374 [main] INFO  c.x.s.SpringsecurityApiApplication - [logStartupProfileInfo,637] - No active profile set, falling back to default profiles: default
15:11:35.900 [main] INFO  o.a.c.h.Http11NioProtocol - [log,173] - Initializing ProtocolHandler ["http-nio-9090"]
15:11:35.901 [main] INFO  o.a.c.c.StandardService - [log,173] - Starting service [Tomcat]
15:11:35.901 [main] INFO  o.a.c.c.StandardEngine - [log,173] - Starting Servlet engine: [Apache Tomcat/9.0.56]
15:11:35.959 [main] INFO  o.a.c.c.C.[.[.[/] - [log,173] - Initializing Spring embedded WebApplicationContext
15:11:36.246 [main] INFO  o.a.c.h.Http11NioProtocol - [log,173] - Starting ProtocolHandler ["http-nio-9090"]
15:11:36.264 [main] INFO  c.x.s.SpringsecurityApiApplication - [logStarted,61] - Started SpringsecurityApiApplication in 1.129 seconds (JVM running for 2.208)
15:11:45.188 [http-nio-9090-exec-1] INFO  o.a.c.c.C.[.[.[/] - [log,173] - Initializing Spring DispatcherServlet 'dispatcherServlet'
15:12:20.228 [main] INFO  c.x.s.SpringsecurityApiApplication - [logStarting,55] - Starting SpringsecurityApiApplication using Java 11.0.13 on DESKTOP-52FJRML with PID 44804 (D:\my files\my code\code\springsecurity\springsecurity-api\target\classes started by yxw in D:\my files\my code\code\springsecurity)
15:12:20.230 [main] INFO  c.x.s.SpringsecurityApiApplication - [logStartupProfileInfo,637] - No active profile set, falling back to default profiles: default
15:12:20.777 [main] INFO  o.a.c.h.Http11NioProtocol - [log,173] - Initializing ProtocolHandler ["http-nio-9090"]
15:12:20.778 [main] INFO  o.a.c.c.StandardService - [log,173] - Starting service [Tomcat]
15:12:20.778 [main] INFO  o.a.c.c.StandardEngine - [log,173] - Starting Servlet engine: [Apache Tomcat/9.0.56]
15:12:20.825 [main] INFO  o.a.c.c.C.[.[.[/] - [log,173] - Initializing Spring embedded WebApplicationContext
15:12:21.098 [main] INFO  o.a.c.h.Http11NioProtocol - [log,173] - Starting ProtocolHandler ["http-nio-9090"]
15:12:21.115 [main] INFO  c.x.s.SpringsecurityApiApplication - [logStarted,61] - Started SpringsecurityApiApplication in 1.122 seconds (JVM running for 2.041)
15:12:27.209 [http-nio-9090-exec-1] INFO  o.a.c.c.C.[.[.[/] - [log,173] - Initializing Spring DispatcherServlet 'dispatcherServlet'
15:13:32.919 [main] INFO  c.x.s.SpringsecurityApiApplication - [logStarting,55] - Starting SpringsecurityApiApplication using Java 11.0.13 on DESKTOP-52FJRML with PID 6052 (D:\my files\my code\code\springsecurity\springsecurity-api\target\classes started by yxw in D:\my files\my code\code\springsecurity)
15:13:32.921 [main] INFO  c.x.s.SpringsecurityApiApplication - [logStartupProfileInfo,637] - No active profile set, falling back to default profiles: default
15:13:33.472 [main] INFO  o.a.c.h.Http11NioProtocol - [log,173] - Initializing ProtocolHandler ["http-nio-9090"]
15:13:33.473 [main] INFO  o.a.c.c.StandardService - [log,173] - Starting service [Tomcat]
15:13:33.473 [main] INFO  o.a.c.c.StandardEngine - [log,173] - Starting Servlet engine: [Apache Tomcat/9.0.56]
15:13:33.524 [main] INFO  o.a.c.c.C.[.[.[/] - [log,173] - Initializing Spring embedded WebApplicationContext
15:13:33.808 [main] INFO  o.a.c.h.Http11NioProtocol - [log,173] - Starting ProtocolHandler ["http-nio-9090"]
15:13:33.826 [main] INFO  c.x.s.SpringsecurityApiApplication - [logStarted,61] - Started SpringsecurityApiApplication in 1.156 seconds (JVM running for 2.124)
15:13:50.747 [http-nio-9090-exec-1] INFO  o.a.c.c.C.[.[.[/] - [log,173] - Initializing Spring DispatcherServlet 'dispatcherServlet'
15:14:09.656 [main] INFO  c.x.s.SpringsecurityApiApplication - [logStarting,55] - Starting SpringsecurityApiApplication using Java 11.0.13 on DESKTOP-52FJRML with PID 42452 (D:\my files\my code\code\springsecurity\springsecurity-api\target\classes started by yxw in D:\my files\my code\code\springsecurity)
15:14:09.657 [main] INFO  c.x.s.SpringsecurityApiApplication - [logStartupProfileInfo,637] - No active profile set, falling back to default profiles: default
15:14:10.198 [main] INFO  o.a.c.h.Http11NioProtocol - [log,173] - Initializing ProtocolHandler ["http-nio-9090"]
15:14:10.198 [main] INFO  o.a.c.c.StandardService - [log,173] - Starting service [Tomcat]
15:14:10.199 [main] INFO  o.a.c.c.StandardEngine - [log,173] - Starting Servlet engine: [Apache Tomcat/9.0.56]
15:14:10.249 [main] INFO  o.a.c.c.C.[.[.[/] - [log,173] - Initializing Spring embedded WebApplicationContext
15:14:10.525 [main] INFO  o.a.c.h.Http11NioProtocol - [log,173] - Starting ProtocolHandler ["http-nio-9090"]
15:14:10.548 [main] INFO  c.x.s.SpringsecurityApiApplication - [logStarted,61] - Started SpringsecurityApiApplication in 1.131 seconds (JVM running for 2.071)
15:14:17.656 [http-nio-9090-exec-1] INFO  o.a.c.c.C.[.[.[/] - [log,173] - Initializing Spring DispatcherServlet 'dispatcherServlet'
15:15:09.951 [main] INFO  c.x.s.SpringsecurityApiApplication - [logStarting,55] - Starting SpringsecurityApiApplication using Java 11.0.13 on DESKTOP-52FJRML with PID 25164 (D:\my files\my code\code\springsecurity\springsecurity-api\target\classes started by yxw in D:\my files\my code\code\springsecurity)
15:15:09.953 [main] INFO  c.x.s.SpringsecurityApiApplication - [logStartupProfileInfo,637] - No active profile set, falling back to default profiles: default
15:15:10.471 [main] INFO  o.a.c.h.Http11NioProtocol - [log,173] - Initializing ProtocolHandler ["http-nio-9090"]
15:15:10.471 [main] INFO  o.a.c.c.StandardService - [log,173] - Starting service [Tomcat]
15:15:10.471 [main] INFO  o.a.c.c.StandardEngine - [log,173] - Starting Servlet engine: [Apache Tomcat/9.0.56]
15:15:10.525 [main] INFO  o.a.c.c.C.[.[.[/] - [log,173] - Initializing Spring embedded WebApplicationContext
15:15:10.805 [main] INFO  o.a.c.h.Http11NioProtocol - [log,173] - Starting ProtocolHandler ["http-nio-9090"]
15:15:10.823 [main] INFO  c.x.s.SpringsecurityApiApplication - [logStarted,61] - Started SpringsecurityApiApplication in 1.12 seconds (JVM running for 2.133)
15:15:20.289 [http-nio-9090-exec-1] INFO  o.a.c.c.C.[.[.[/] - [log,173] - Initializing Spring DispatcherServlet 'dispatcherServlet'
15:15:39.064 [main] INFO  c.x.s.SpringsecurityApiApplication - [logStarting,55] - Starting SpringsecurityApiApplication using Java 11.0.13 on DESKTOP-52FJRML with PID 10192 (D:\my files\my code\code\springsecurity\springsecurity-api\target\classes started by yxw in D:\my files\my code\code\springsecurity)
15:15:39.066 [main] INFO  c.x.s.SpringsecurityApiApplication - [logStartupProfileInfo,637] - No active profile set, falling back to default profiles: default
15:15:39.590 [main] INFO  o.a.c.h.Http11NioProtocol - [log,173] - Initializing ProtocolHandler ["http-nio-9090"]
15:15:39.591 [main] INFO  o.a.c.c.StandardService - [log,173] - Starting service [Tomcat]
15:15:39.591 [main] INFO  o.a.c.c.StandardEngine - [log,173] - Starting Servlet engine: [Apache Tomcat/9.0.56]
15:15:39.639 [main] INFO  o.a.c.c.C.[.[.[/] - [log,173] - Initializing Spring embedded WebApplicationContext
15:15:39.914 [main] INFO  o.a.c.h.Http11NioProtocol - [log,173] - Starting ProtocolHandler ["http-nio-9090"]
15:15:39.933 [main] INFO  c.x.s.SpringsecurityApiApplication - [logStarted,61] - Started SpringsecurityApiApplication in 1.11 seconds (JVM running for 2.05)
15:15:44.910 [http-nio-9090-exec-1] INFO  o.a.c.c.C.[.[.[/] - [log,173] - Initializing Spring DispatcherServlet 'dispatcherServlet'
15:16:31.449 [main] INFO  c.x.s.SpringsecurityApiApplication - [logStarting,55] - Starting SpringsecurityApiApplication using Java 11.0.13 on DESKTOP-52FJRML with PID 42512 (D:\my files\my code\code\springsecurity\springsecurity-api\target\classes started by yxw in D:\my files\my code\code\springsecurity)
15:16:31.450 [main] INFO  c.x.s.SpringsecurityApiApplication - [logStartupProfileInfo,637] - No active profile set, falling back to default profiles: default
15:16:31.970 [main] INFO  o.a.c.h.Http11NioProtocol - [log,173] - Initializing ProtocolHandler ["http-nio-9090"]
15:16:31.970 [main] INFO  o.a.c.c.StandardService - [log,173] - Starting service [Tomcat]
15:16:31.971 [main] INFO  o.a.c.c.StandardEngine - [log,173] - Starting Servlet engine: [Apache Tomcat/9.0.56]
15:16:32.022 [main] INFO  o.a.c.c.C.[.[.[/] - [log,173] - Initializing Spring embedded WebApplicationContext
15:16:32.301 [main] INFO  o.a.c.h.Http11NioProtocol - [log,173] - Starting ProtocolHandler ["http-nio-9090"]
15:16:32.319 [main] INFO  c.x.s.SpringsecurityApiApplication - [logStarted,61] - Started SpringsecurityApiApplication in 1.115 seconds (JVM running for 2.105)
15:16:35.977 [http-nio-9090-exec-1] INFO  o.a.c.c.C.[.[.[/] - [log,173] - Initializing Spring DispatcherServlet 'dispatcherServlet'
15:17:51.586 [main] INFO  c.x.s.SpringsecurityApiApplication - [logStarting,55] - Starting SpringsecurityApiApplication using Java 11.0.13 on DESKTOP-52FJRML with PID 44272 (D:\my files\my code\code\springsecurity\springsecurity-api\target\classes started by yxw in D:\my files\my code\code\springsecurity)
15:17:51.588 [main] INFO  c.x.s.SpringsecurityApiApplication - [logStartupProfileInfo,637] - No active profile set, falling back to default profiles: default
15:17:52.105 [main] INFO  o.a.c.h.Http11NioProtocol - [log,173] - Initializing ProtocolHandler ["http-nio-9090"]
15:17:52.105 [main] INFO  o.a.c.c.StandardService - [log,173] - Starting service [Tomcat]
15:17:52.105 [main] INFO  o.a.c.c.StandardEngine - [log,173] - Starting Servlet engine: [Apache Tomcat/9.0.56]
15:17:52.153 [main] INFO  o.a.c.c.C.[.[.[/] - [log,173] - Initializing Spring embedded WebApplicationContext
15:17:52.434 [main] INFO  o.a.c.h.Http11NioProtocol - [log,173] - Starting ProtocolHandler ["http-nio-9090"]
15:17:52.452 [main] INFO  c.x.s.SpringsecurityApiApplication - [logStarted,61] - Started SpringsecurityApiApplication in 1.108 seconds (JVM running for 2.123)
15:17:58.105 [http-nio-9090-exec-1] INFO  o.a.c.c.C.[.[.[/] - [log,173] - Initializing Spring DispatcherServlet 'dispatcherServlet'
15:19:16.465 [main] INFO  c.x.s.SpringsecurityApiApplication - [logStarting,55] - Starting SpringsecurityApiApplication using Java 11.0.13 on DESKTOP-52FJRML with PID 11416 (D:\my files\my code\code\springsecurity\springsecurity-api\target\classes started by yxw in D:\my files\my code\code\springsecurity)
15:19:16.467 [main] INFO  c.x.s.SpringsecurityApiApplication - [logStartupProfileInfo,637] - No active profile set, falling back to default profiles: default
15:19:17.001 [main] INFO  o.a.c.h.Http11NioProtocol - [log,173] - Initializing ProtocolHandler ["http-nio-9090"]
15:19:17.002 [main] INFO  o.a.c.c.StandardService - [log,173] - Starting service [Tomcat]
15:19:17.002 [main] INFO  o.a.c.c.StandardEngine - [log,173] - Starting Servlet engine: [Apache Tomcat/9.0.56]
15:19:17.052 [main] INFO  o.a.c.c.C.[.[.[/] - [log,173] - Initializing Spring embedded WebApplicationContext
15:19:17.331 [main] INFO  o.a.c.h.Http11NioProtocol - [log,173] - Starting ProtocolHandler ["http-nio-9090"]
15:19:17.351 [main] INFO  c.x.s.SpringsecurityApiApplication - [logStarted,61] - Started SpringsecurityApiApplication in 1.143 seconds (JVM running for 2.188)
15:19:22.073 [http-nio-9090-exec-1] INFO  o.a.c.c.C.[.[.[/] - [log,173] - Initializing Spring DispatcherServlet 'dispatcherServlet'
15:19:58.908 [main] INFO  c.x.s.SpringsecurityApiApplication - [logStarting,55] - Starting SpringsecurityApiApplication using Java 11.0.13 on DESKTOP-52FJRML with PID 15596 (D:\my files\my code\code\springsecurity\springsecurity-api\target\classes started by yxw in D:\my files\my code\code\springsecurity)
15:19:58.910 [main] INFO  c.x.s.SpringsecurityApiApplication - [logStartupProfileInfo,637] - No active profile set, falling back to default profiles: default
15:19:59.432 [main] INFO  o.a.c.h.Http11NioProtocol - [log,173] - Initializing ProtocolHandler ["http-nio-9090"]
15:19:59.433 [main] INFO  o.a.c.c.StandardService - [log,173] - Starting service [Tomcat]
15:19:59.433 [main] INFO  o.a.c.c.StandardEngine - [log,173] - Starting Servlet engine: [Apache Tomcat/9.0.56]
15:19:59.482 [main] INFO  o.a.c.c.C.[.[.[/] - [log,173] - Initializing Spring embedded WebApplicationContext
15:19:59.748 [main] INFO  o.a.c.h.Http11NioProtocol - [log,173] - Starting ProtocolHandler ["http-nio-9090"]
15:19:59.766 [main] INFO  c.x.s.SpringsecurityApiApplication - [logStarted,61] - Started SpringsecurityApiApplication in 1.09 seconds (JVM running for 2.102)
15:20:08.898 [http-nio-9090-exec-1] INFO  o.a.c.c.C.[.[.[/] - [log,173] - Initializing Spring DispatcherServlet 'dispatcherServlet'
15:26:51.700 [main] INFO  c.x.s.SpringsecurityApiApplication - [logStarting,55] - Starting SpringsecurityApiApplication using Java 11.0.13 on DESKTOP-52FJRML with PID 44292 (D:\my files\my code\code\springsecurity\springsecurity-api\target\classes started by yxw in D:\my files\my code\code\springsecurity)
15:26:51.702 [main] INFO  c.x.s.SpringsecurityApiApplication - [logStartupProfileInfo,637] - No active profile set, falling back to default profiles: default
15:26:52.193 [main] INFO  o.a.c.h.Http11NioProtocol - [log,173] - Initializing ProtocolHandler ["http-nio-9090"]
15:26:52.193 [main] INFO  o.a.c.c.StandardService - [log,173] - Starting service [Tomcat]
15:26:52.193 [main] INFO  o.a.c.c.StandardEngine - [log,173] - Starting Servlet engine: [Apache Tomcat/9.0.56]
15:26:52.238 [main] INFO  o.a.c.c.C.[.[.[/] - [log,173] - Initializing Spring embedded WebApplicationContext
15:26:52.481 [main] INFO  o.a.c.h.Http11NioProtocol - [log,173] - Starting ProtocolHandler ["http-nio-9090"]
15:26:52.498 [main] INFO  c.x.s.SpringsecurityApiApplication - [logStarted,61] - Started SpringsecurityApiApplication in 1.044 seconds (JVM running for 2.001)
15:27:03.173 [http-nio-9090-exec-1] INFO  o.a.c.c.C.[.[.[/] - [log,173] - Initializing Spring DispatcherServlet 'dispatcherServlet'
15:28:32.438 [main] INFO  c.x.s.SpringsecurityApiApplication - [logStarting,55] - Starting SpringsecurityApiApplication using Java 11.0.13 on DESKTOP-52FJRML with PID 844 (D:\my files\my code\code\springsecurity\springsecurity-api\target\classes started by yxw in D:\my files\my code\code\springsecurity)
15:28:32.440 [main] INFO  c.x.s.SpringsecurityApiApplication - [logStartupProfileInfo,637] - No active profile set, falling back to default profiles: default
15:28:32.939 [main] INFO  o.a.c.h.Http11NioProtocol - [log,173] - Initializing ProtocolHandler ["http-nio-9090"]
15:28:32.939 [main] INFO  o.a.c.c.StandardService - [log,173] - Starting service [Tomcat]
15:28:32.939 [main] INFO  o.a.c.c.StandardEngine - [log,173] - Starting Servlet engine: [Apache Tomcat/9.0.56]
15:28:32.984 [main] INFO  o.a.c.c.C.[.[.[/] - [log,173] - Initializing Spring embedded WebApplicationContext
15:28:33.236 [main] INFO  o.a.c.h.Http11NioProtocol - [log,173] - Starting ProtocolHandler ["http-nio-9090"]
15:28:33.253 [main] INFO  c.x.s.SpringsecurityApiApplication - [logStarted,61] - Started SpringsecurityApiApplication in 1.059 seconds (JVM running for 2.102)
15:28:47.768 [http-nio-9090-exec-1] INFO  o.a.c.c.C.[.[.[/] - [log,173] - Initializing Spring DispatcherServlet 'dispatcherServlet'
15:49:23.646 [main] INFO  c.x.s.SpringsecurityApiApplication - [logStarting,55] - Starting SpringsecurityApiApplication using Java 11.0.13 on DESKTOP-52FJRML with PID 35600 (D:\my files\my code\code\springsecurity\springsecurity-api\target\classes started by yxw in D:\my files\my code\code\springsecurity)
15:49:23.649 [main] INFO  c.x.s.SpringsecurityApiApplication - [logStartupProfileInfo,637] - No active profile set, falling back to default profiles: default
15:49:24.205 [main] INFO  o.a.c.h.Http11NioProtocol - [log,173] - Initializing ProtocolHandler ["http-nio-9090"]
15:49:24.205 [main] INFO  o.a.c.c.StandardService - [log,173] - Starting service [Tomcat]
15:49:24.206 [main] INFO  o.a.c.c.StandardEngine - [log,173] - Starting Servlet engine: [Apache Tomcat/9.0.56]
15:49:24.261 [main] INFO  o.a.c.c.C.[.[.[/] - [log,173] - Initializing Spring embedded WebApplicationContext
15:49:24.560 [main] INFO  o.a.c.h.Http11NioProtocol - [log,173] - Starting ProtocolHandler ["http-nio-9090"]
15:49:24.578 [main] INFO  c.x.s.SpringsecurityApiApplication - [logStarted,61] - Started SpringsecurityApiApplication in 1.206 seconds (JVM running for 2.288)
15:49:41.904 [http-nio-9090-exec-1] INFO  o.a.c.c.C.[.[.[/] - [log,173] - Initializing Spring DispatcherServlet 'dispatcherServlet'
15:50:48.568 [main] INFO  c.x.s.SpringsecurityApiApplication - [logStarting,55] - Starting SpringsecurityApiApplication using Java 11.0.13 on DESKTOP-52FJRML with PID 19440 (D:\my files\my code\code\springsecurity\springsecurity-api\target\classes started by yxw in D:\my files\my code\code\springsecurity)
15:50:48.570 [main] INFO  c.x.s.SpringsecurityApiApplication - [logStartupProfileInfo,637] - No active profile set, falling back to default profiles: default
15:50:49.101 [main] INFO  o.a.c.h.Http11NioProtocol - [log,173] - Initializing ProtocolHandler ["http-nio-9090"]
15:50:49.102 [main] INFO  o.a.c.c.StandardService - [log,173] - Starting service [Tomcat]
15:50:49.102 [main] INFO  o.a.c.c.StandardEngine - [log,173] - Starting Servlet engine: [Apache Tomcat/9.0.56]
15:50:49.154 [main] INFO  o.a.c.c.C.[.[.[/] - [log,173] - Initializing Spring embedded WebApplicationContext
15:50:49.429 [main] INFO  o.a.c.h.Http11NioProtocol - [log,173] - Starting ProtocolHandler ["http-nio-9090"]
15:50:49.448 [main] INFO  c.x.s.SpringsecurityApiApplication - [logStarted,61] - Started SpringsecurityApiApplication in 1.142 seconds (JVM running for 2.157)
15:50:54.012 [http-nio-9090-exec-1] INFO  o.a.c.c.C.[.[.[/] - [log,173] - Initializing Spring DispatcherServlet 'dispatcherServlet'
15:52:05.340 [main] INFO  c.x.s.SpringsecurityApiApplication - [logStarting,55] - Starting SpringsecurityApiApplication using Java 11.0.13 on DESKTOP-52FJRML with PID 2632 (D:\my files\my code\code\springsecurity\springsecurity-api\target\classes started by yxw in D:\my files\my code\code\springsecurity)
15:52:05.342 [main] INFO  c.x.s.SpringsecurityApiApplication - [logStartupProfileInfo,637] - No active profile set, falling back to default profiles: default
15:52:05.887 [main] INFO  o.a.c.h.Http11NioProtocol - [log,173] - Initializing ProtocolHandler ["http-nio-9090"]
15:52:05.888 [main] INFO  o.a.c.c.StandardService - [log,173] - Starting service [Tomcat]
15:52:05.888 [main] INFO  o.a.c.c.StandardEngine - [log,173] - Starting Servlet engine: [Apache Tomcat/9.0.56]
15:52:05.965 [main] INFO  o.a.c.c.C.[.[.[/] - [log,173] - Initializing Spring embedded WebApplicationContext
15:52:06.251 [main] INFO  o.a.c.h.Http11NioProtocol - [log,173] - Starting ProtocolHandler ["http-nio-9090"]
15:52:06.270 [main] INFO  c.x.s.SpringsecurityApiApplication - [logStarted,61] - Started SpringsecurityApiApplication in 1.169 seconds (JVM running for 2.095)
15:52:10.542 [http-nio-9090-exec-1] INFO  o.a.c.c.C.[.[.[/] - [log,173] - Initializing Spring DispatcherServlet 'dispatcherServlet'
